<?xml version="1.0" encoding="UTF-8"?>
<!-- Generated by org.testng.reporters.JUnitReportReporter -->
<testsuite hostname="Mandagiris-MacBook-Pro.local" failures="0" tests="1" name="demo_RestAssured.sumValidation" time="0.371" errors="0" timestamp="2024-09-09T10:09:45 IST" skipped="0">
  <testcase classname="demo_RestAssured.sumValidation" name="sumOfCourse" time="0.371"/>
</testsuite> <!-- demo_RestAssured.sumValidation -->
