<?xml version="1.0" encoding="UTF-8"?>
<!-- Generated by org.testng.reporters.JUnitReportReporter -->
<testsuite hostname="Mandagiris-MacBook-Pro.local" failures="0" tests="1" name="demo_RestAssured.complexJsonParse" time="0.367" errors="0" timestamp="2024-09-06T22:20:38 IST" skipped="0">
  <testcase classname="demo_RestAssured.complexJsonParse" name="sumOfCourse" time="0.367"/>
</testsuite> <!-- demo_RestAssured.complexJsonParse -->
