<?xml version="1.0" encoding="UTF-8"?>
<!-- Generated by org.testng.reporters.JUnitReportReporter -->
<testsuite hostname="Mandagiris-MacBook-Pro.local" failures="0" tests="6" name="files.DynamicJava" time="2.512" errors="0" timestamp="2024-09-09T16:07:34 IST" skipped="0">
  <testcase classname="files.DynamicJava" name="addbook" time="0.181"/>
  <testcase classname="files.DynamicJava" name="addbook" time="1.128"/>
  <testcase classname="files.DynamicJava" name="addbook" time="0.687"/>
  <testcase classname="files.DynamicJava" name="addbook" time="0.175"/>
  <testcase classname="files.DynamicJava" name="addbook" time="0.167"/>
  <testcase classname="files.DynamicJava" name="addbook" time="0.174"/>
</testsuite> <!-- files.DynamicJava -->
